# JRE version: OpenJDK Runtime Environment (Zulu11.33+15-CA) (11.0.4+11) (build 11.0.4+11-LTS)
# Java VM: OpenJDK 64-Bit Server VM (11.0.4+11-LTS, mixed mode, tiered, compressed oops, g1 gc, bsd-amd64)
Heap:
 garbage-first heap   total 131072K, used 82975K [0x0000000780000000, 0x0000000800000000)
  region size 1024K, 51 young (52224K), 8 survivors (8192K)
 Metaspace       used 30398K, capacity 31162K, committed 31360K, reserved 1077248K
  class space    used 3753K, capacity 4113K, committed 4224K, reserved 1048576K
GC Heap History (8 events):
Event: 1.882 GC heap before
{Heap before GC invocations=0 (full 0):
 garbage-first heap   total 131072K, used 18432K [0x0000000780000000, 0x0000000800000000)
  region size 1024K, 14 young (14336K), 0 survivors (0K)
 Metaspace       used 11433K, capacity 11640K, committed 11904K, reserved 1060864K
  class space    used 1217K, capacity 1318K, committed 1408K, reserved 1048576K
}
Event: 1.891 GC heap after
{Heap after GC invocations=1 (full 0):
 garbage-first heap   total 131072K, used 6658K [0x0000000780000000, 0x0000000800000000)
  region size 1024K, 2 young (2048K), 2 survivors (2048K)
 Metaspace       used 11433K, capacity 11640K, committed 11904K, reserved 1060864K
  class space    used 1217K, capacity 1318K, committed 1408K, reserved 1048576K
}
Event: 41.471 GC heap before
{Heap before GC invocations=1 (full 0):
 garbage-first heap   total 131072K, used 13826K [0x0000000780000000, 0x0000000800000000)
  region size 1024K, 9 young (9216K), 2 survivors (2048K)
 Metaspace       used 15066K, capacity 15466K, committed 15744K, reserved 1062912K
  class space    used 1750K, capacity 1889K, committed 1920K, reserved 1048576K
}
Event: 41.483 GC heap after
{Heap after GC invocations=2 (full 0):
 garbage-first heap   total 131072K, used 7878K [0x0000000780000000, 0x0000000800000000)
  region size 1024K, 2 young (2048K), 2 survivors (2048K)
 Metaspace       used 15066K, capacity 15466K, committed 15744K, reserved 1062912K
  class space    used 1750K, capacity 1889K, committed 1920K, reserved 1048576K
}
Event: 43.034 GC heap before
{Heap before GC invocations=2 (full 0):
 garbage-first heap   total 131072K, used 24262K [0x0000000780000000, 0x0000000800000000)
  region size 1024K, 19 young (19456K), 2 survivors (2048K)
 Metaspace       used 20547K, capacity 21042K, committed 21248K, reserved 1067008K
  class space    used 2465K, capacity 2690K, committed 2816K, reserved 1048576K
}
Event: 43.041 GC heap after
{Heap after GC invocations=3 (full 0):
 garbage-first heap   total 131072K, used 9177K [0x0000000780000000, 0x0000000800000000)
  region size 1024K, 3 young (3072K), 3 survivors (3072K)
 Metaspace       used 20547K, capacity 21042K, committed 21248K, reserved 1067008K
  class space    used 2465K, capacity 2690K, committed 2816K, reserved 1048576K
}
Event: 44.199 GC heap before
{Heap before GC invocations=4 (full 0):
 garbage-first heap   total 131072K, used 80857K [0x0000000780000000, 0x0000000800000000)
  region size 1024K, 73 young (74752K), 3 survivors (3072K)
 Metaspace       used 25151K, capacity 25835K, committed 26240K, reserved 1073152K
  class space    used 3132K, capacity 3410K, committed 3456K, reserved 1048576K
}
Event: 44.209 GC heap after
{Heap after GC invocations=5 (full 0):
 garbage-first heap   total 131072K, used 14367K [0x0000000780000000, 0x0000000800000000)
  region size 1024K, 8 young (8192K), 8 survivors (8192K)
 Metaspace       used 25151K, capacity 25835K, committed 26240K, reserved 1073152K
  class space    used 3132K, capacity 3410K, committed 3456K, reserved 1048576K
}

