# JRE version: OpenJDK Runtime Environment (Zulu11.33+15-CA) (11.0.4+11) (build 11.0.4+11-LTS)
# Java VM: OpenJDK 64-Bit Server VM (11.0.4+11-LTS, mixed mode, tiered, compressed oops, g1 gc, bsd-amd64)
Heap:
 garbage-first heap   total 131072K, used 63203K [0x0000000780000000, 0x0000000800000000)
  region size 1024K, 44 young (45056K), 6 survivors (6144K)
 Metaspace       used 30915K, capacity 31765K, committed 32128K, reserved 1077248K
  class space    used 3820K, capacity 4175K, committed 4224K, reserved 1048576K
GC Heap History (10 events):
Event: 0.728 GC heap before
{Heap before GC invocations=0 (full 0):
 garbage-first heap   total 131072K, used 18432K [0x0000000780000000, 0x0000000800000000)
  region size 1024K, 14 young (14336K), 0 survivors (0K)
 Metaspace       used 11515K, capacity 11768K, committed 12160K, reserved 1060864K
  class space    used 1231K, capacity 1318K, committed 1408K, reserved 1048576K
}
Event: 0.734 GC heap after
{Heap after GC invocations=1 (full 0):
 garbage-first heap   total 131072K, used 6659K [0x0000000780000000, 0x0000000800000000)
  region size 1024K, 2 young (2048K), 2 survivors (2048K)
 Metaspace       used 11515K, capacity 11768K, committed 12160K, reserved 1060864K
  class space    used 1231K, capacity 1318K, committed 1408K, reserved 1048576K
}
Event: 3920.331 GC heap before
{Heap before GC invocations=1 (full 0):
 garbage-first heap   total 131072K, used 14851K [0x0000000780000000, 0x0000000800000000)
  region size 1024K, 10 young (10240K), 2 survivors (2048K)
 Metaspace       used 15497K, capacity 15860K, committed 16128K, reserved 1062912K
  class space    used 1796K, capacity 1938K, committed 2048K, reserved 1048576K
}
Event: 3920.338 GC heap after
{Heap after GC invocations=2 (full 0):
 garbage-first heap   total 131072K, used 8052K [0x0000000780000000, 0x0000000800000000)
  region size 1024K, 2 young (2048K), 2 survivors (2048K)
 Metaspace       used 15497K, capacity 15860K, committed 16128K, reserved 1062912K
  class space    used 1796K, capacity 1938K, committed 2048K, reserved 1048576K
}
Event: 3921.622 GC heap before
{Heap before GC invocations=2 (full 0):
 garbage-first heap   total 131072K, used 23412K [0x0000000780000000, 0x0000000800000000)
  region size 1024K, 18 young (18432K), 2 survivors (2048K)
 Metaspace       used 20559K, capacity 21042K, committed 21248K, reserved 1067008K
  class space    used 2465K, capacity 2690K, committed 2816K, reserved 1048576K
}
Event: 3921.628 GC heap after
{Heap after GC invocations=3 (full 0):
 garbage-first heap   total 131072K, used 9305K [0x0000000780000000, 0x0000000800000000)
  region size 1024K, 3 young (3072K), 3 survivors (3072K)
 Metaspace       used 20559K, capacity 21042K, committed 21248K, reserved 1067008K
  class space    used 2465K, capacity 2690K, committed 2816K, reserved 1048576K
}
Event: 3922.703 GC heap before
{Heap before GC invocations=4 (full 0):
 garbage-first heap   total 131072K, used 84057K [0x0000000780000000, 0x0000000800000000)
  region size 1024K, 76 young (77824K), 3 survivors (3072K)
 Metaspace       used 25202K, capacity 25799K, committed 26240K, reserved 1073152K
  class space    used 3128K, capacity 3404K, committed 3456K, reserved 1048576K
}
Event: 3922.715 GC heap after
{Heap after GC invocations=5 (full 0):
 garbage-first heap   total 131072K, used 14559K [0x0000000780000000, 0x0000000800000000)
  region size 1024K, 8 young (8192K), 8 survivors (8192K)
 Metaspace       used 25202K, capacity 25799K, committed 26240K, reserved 1073152K
  class space    used 3128K, capacity 3404K, committed 3456K, reserved 1048576K
}
Event: 3950.156 GC heap before
{Heap before GC invocations=5 (full 0):
 garbage-first heap   total 131072K, used 109791K [0x0000000780000000, 0x0000000800000000)
  region size 1024K, 76 young (77824K), 8 survivors (8192K)
 Metaspace       used 30876K, capacity 31665K, committed 31872K, reserved 1077248K
  class space    used 3816K, capacity 4142K, committed 4224K, reserved 1048576K
}
Event: 3950.169 GC heap after
{Heap after GC invocations=6 (full 0):
 garbage-first heap   total 131072K, used 25315K [0x0000000780000000, 0x0000000800000000)
  region size 1024K, 6 young (6144K), 6 survivors (6144K)
 Metaspace       used 30876K, capacity 31665K, committed 31872K, reserved 1077248K
  class space    used 3816K, capacity 4142K, committed 4224K, reserved 1048576K
}

