# JRE version: OpenJDK Runtime Environment (Zulu11.33+15-CA) (11.0.4+11) (build 11.0.4+11-LTS)
# Java VM: OpenJDK 64-Bit Server VM (11.0.4+11-LTS, mixed mode, tiered, compressed oops, g1 gc, bsd-amd64)
Heap:
 garbage-first heap   total 131072K, used 51142K [0x0000000780000000, 0x0000000800000000)
  region size 1024K, 36 young (36864K), 9 survivors (9216K)
 Metaspace       used 30558K, capacity 31391K, committed 31744K, reserved 1077248K
  class space    used 3739K, capacity 4080K, committed 4096K, reserved 1048576K
GC Heap History (10 events):
Event: 1.322 GC heap before
{Heap before GC invocations=1 (full 0):
 garbage-first heap   total 131072K, used 11772K [0x0000000780000000, 0x0000000800000000)
  region size 1024K, 7 young (7168K), 2 survivors (2048K)
 Metaspace       used 13330K, capacity 13567K, committed 13952K, reserved 1060864K
  class space    used 1469K, capacity 1549K, committed 1664K, reserved 1048576K
}
Event: 1.326 GC heap after
{Heap after GC invocations=2 (full 0):
 garbage-first heap   total 131072K, used 7742K [0x0000000780000000, 0x0000000800000000)
  region size 1024K, 1 young (1024K), 1 survivors (1024K)
 Metaspace       used 13330K, capacity 13567K, committed 13952K, reserved 1060864K
  class space    used 1469K, capacity 1549K, committed 1664K, reserved 1048576K
}
Event: 16.111 GC heap before
{Heap before GC invocations=2 (full 0):
 garbage-first heap   total 131072K, used 27198K [0x0000000780000000, 0x0000000800000000)
  region size 1024K, 21 young (21504K), 1 survivors (1024K)
 Metaspace       used 20601K, capacity 21115K, committed 21248K, reserved 1067008K
  class space    used 2466K, capacity 2690K, committed 2816K, reserved 1048576K
}
Event: 16.117 GC heap after
{Heap after GC invocations=3 (full 0):
 garbage-first heap   total 131072K, used 9339K [0x0000000780000000, 0x0000000800000000)
  region size 1024K, 3 young (3072K), 3 survivors (3072K)
 Metaspace       used 20601K, capacity 21115K, committed 21248K, reserved 1067008K
  class space    used 2466K, capacity 2690K, committed 2816K, reserved 1048576K
}
Event: 16.610 GC heap before
{Heap before GC invocations=4 (full 0):
 garbage-first heap   total 131072K, used 39035K [0x0000000780000000, 0x0000000800000000)
  region size 1024K, 32 young (32768K), 3 survivors (3072K)
 Metaspace       used 23861K, capacity 24440K, committed 24704K, reserved 1071104K
  class space    used 2941K, capacity 3178K, committed 3200K, reserved 1048576K
}
Event: 16.619 GC heap after
{Heap after GC invocations=5 (full 0):
 garbage-first heap   total 131072K, used 10408K [0x0000000780000000, 0x0000000800000000)
  region size 1024K, 3 young (3072K), 3 survivors (3072K)
 Metaspace       used 23861K, capacity 24440K, committed 24704K, reserved 1071104K
  class space    used 2941K, capacity 3178K, committed 3200K, reserved 1048576K
}
Event: 17.111 GC heap before
{Heap before GC invocations=5 (full 0):
 garbage-first heap   total 131072K, used 68776K [0x0000000780000000, 0x0000000800000000)
  region size 1024K, 60 young (61440K), 3 survivors (3072K)
 Metaspace       used 25769K, capacity 26417K, committed 26624K, reserved 1073152K
  class space    used 3242K, capacity 3518K, committed 3584K, reserved 1048576K
}
Event: 17.122 GC heap after
{Heap after GC invocations=6 (full 0):
 garbage-first heap   total 131072K, used 14856K [0x0000000780000000, 0x0000000800000000)
  region size 1024K, 8 young (8192K), 8 survivors (8192K)
 Metaspace       used 25769K, capacity 26417K, committed 26624K, reserved 1073152K
  class space    used 3242K, capacity 3518K, committed 3584K, reserved 1048576K
}
Event: 36.721 GC heap before
{Heap before GC invocations=6 (full 0):
 garbage-first heap   total 131072K, used 104968K [0x0000000780000000, 0x0000000800000000)
  region size 1024K, 71 young (72704K), 8 survivors (8192K)
 Metaspace       used 30540K, capacity 31390K, committed 31744K, reserved 1077248K
  class space    used 3738K, capacity 4080K, committed 4096K, reserved 1048576K
}
Event: 36.733 GC heap after
{Heap after GC invocations=7 (full 0):
 garbage-first heap   total 131072K, used 24518K [0x0000000780000000, 0x0000000800000000)
  region size 1024K, 9 young (9216K), 9 survivors (9216K)
 Metaspace       used 30540K, capacity 31390K, committed 31744K, reserved 1077248K
  class space    used 3738K, capacity 4080K, committed 4096K, reserved 1048576K
}

